INFO:__main__:Inside the DataGetter class constructor
INFO:__main__:Inside the get_data function of DataGetter class
INFO:__main__:The data is loaded successfully.Exited the get_data function of DataGetter class
INFO:__main__:Inside the DataGetter class constructor
INFO:__main__:Inside the get_data function of DataGetter class
INFO:__main__:The data is loaded successfully.Exited the get_data function of DataGetter class
INFO:data_loader:Inside the DataGetter class constructor
INFO:data_loader:Inside the get_data function of DataGetter class
INFO:data_loader:The data is loaded successfully.Exited the get_data function of DataGetter class
INFO:data_loader:Inside the DataGetter class constructor
INFO:data_loader:Inside the get_data function of DataGetter class
INFO:data_loader:The data is loaded successfully.Exited the get_data function of DataGetter class
INFO:data_loader:Inside the DataGetter class constructor
INFO:data_loader:Inside the get_data function of DataGetter class
INFO:data_loader:The data is loaded successfully.Exited the get_data function of DataGetter class
INFO:data_loader:Inside the DataGetter class constructor
INFO:data_loader:Inside the get_data function of DataGetter class
INFO:data_loader:The data is loaded successfully.Exited the get_data function of DataGetter class
INFO:data_loader:Inside the DataGetter class constructor
INFO:data_loader:Inside the get_data function of DataGetter class
INFO:data_loader:The data is loaded successfully.Exited the get_data function of DataGetter class
INFO:data_loader:Inside the DataGetter class constructor
INFO:data_loader:Inside the get_data function of DataGetter class
INFO:data_loader:The data is loaded successfully.Exited the get_data function of DataGetter class
INFO:data_loader:Inside the DataGetter class constructor
INFO:data_loader:Inside the get_data function of DataGetter class
INFO:data_loader:The data is loaded successfully.Exited the get_data function of DataGetter class
INFO:data_loader:Inside the DataGetter class constructor
INFO:data_loader:Inside the get_data function of DataGetter class
INFO:data_loader:The data is loaded successfully.Exited the get_data function of DataGetter class
INFO:data_loader:Inside the DataGetter class constructor
INFO:data_loader:Inside the get_data function of DataGetter class
INFO:data_loader:The data is loaded successfully.Exited the get_data function of DataGetter class
INFO:data_loader:Inside the DataGetter class constructor
INFO:data_loader:Inside the get_data function of DataGetter class
INFO:data_loader:The data is loaded successfully.Exited the get_data function of DataGetter class
INFO:data_loader:Inside the DataGetter class constructor
INFO:data_loader:Inside the get_data function of DataGetter class
INFO:data_loader:The data is loaded successfully.Exited the get_data function of DataGetter class
INFO:data_loader:Inside the DataGetter class constructor
INFO:data_loader:Inside the get_data function of DataGetter class
INFO:data_loader:The data is loaded successfully.Exited the get_data function of DataGetter class
INFO:data_loader:Inside the DataGetter class constructor
INFO:data_loader:Inside the get_data function of DataGetter class
INFO:data_loader:The data is loaded successfully.Exited the get_data function of DataGetter class
INFO:data_loader:Inside the DataGetter class constructor
INFO:data_loader:Inside the get_data function of DataGetter class
INFO:data_loader:The data is loaded successfully.Exited the get_data function of DataGetter class
INFO:data_loader:Inside the DataGetter class constructor
INFO:data_loader:Inside the get_data function of DataGetter class
INFO:data_loader:The data is loaded successfully.Exited the get_data function of DataGetter class
INFO:data_loader:Inside the DataGetter class constructor
INFO:data_loader:Inside the get_data function of DataGetter class
INFO:data_loader:The data is loaded successfully.Exited the get_data function of DataGetter class
INFO:data_loader:Inside the DataGetter class constructor
INFO:data_loader:Inside the get_data function of DataGetter class
INFO:data_loader:The data is loaded successfully.Exited the get_data function of DataGetter class
INFO:data_loader:Inside the DataGetter class constructor
INFO:data_loader:Inside the get_data function of DataGetter class
INFO:data_loader:The data is loaded successfully.Exited the get_data function of DataGetter class
INFO:data_loader:Inside the DataGetter class constructor
INFO:data_loader:Inside the get_data function of DataGetter class
INFO:data_loader:The data is loaded successfully.Exited the get_data function of DataGetter class
INFO:data_loader:Inside the DataGetter class constructor
INFO:data_loader:Inside the get_data function of DataGetter class
INFO:data_loader:The data is loaded successfully.Exited the get_data function of DataGetter class
INFO:data_loader:Inside the DataGetter class constructor
INFO:data_loader:Inside the get_data function of DataGetter class
INFO:data_loader:The data is loaded successfully.Exited the get_data function of DataGetter class
INFO:data_loader:Inside the DataGetter class constructor
INFO:data_loader:Inside the get_data function of DataGetter class
INFO:data_loader:The data is loaded successfully.Exited the get_data function of DataGetter class
INFO:data_loader:Inside the DataGetter class constructor
INFO:data_loader:Inside the get_data function of DataGetter class
INFO:data_loader:The data is loaded successfully.Exited the get_data function of DataGetter class
INFO:data_loader:Inside the DataGetter class constructor
INFO:data_loader:Inside the get_data function of DataGetter class
INFO:data_loader:The data is loaded successfully.Exited the get_data function of DataGetter class
INFO:data_loader:Inside the DataGetter class constructor
INFO:data_loader:Inside the get_data function of DataGetter class
INFO:data_loader:The data is loaded successfully.Exited the get_data function of DataGetter class
INFO:data_loader:Inside the DataGetter class constructor
INFO:data_loader:Inside the get_data function of DataGetter class
INFO:data_loader:The data is loaded successfully.Exited the get_data function of DataGetter class
INFO:data_loader:Inside the DataGetter class constructor
INFO:data_loader:Inside the get_data function of DataGetter class
INFO:data_loader:The data is loaded successfully.Exited the get_data function of DataGetter class
INFO:data_loader:Inside the DataGetter class constructor
INFO:data_loader:Inside the get_data function of DataGetter class
INFO:data_loader:The data is loaded successfully.Exited the get_data function of DataGetter class
INFO:data_loader:Inside the DataGetter class constructor
INFO:data_loader:Inside the get_data function of DataGetter class
INFO:data_loader:The data is loaded successfully.Exited the get_data function of DataGetter class
INFO:data_loader:Inside the DataGetter class constructor
INFO:data_loader:Inside the get_data function of DataGetter class
INFO:data_loader:The data is loaded successfully.Exited the get_data function of DataGetter class
INFO:data_loader:Inside the DataGetter class constructor
INFO:data_loader:Inside the get_data function of DataGetter class
INFO:data_loader:The data is loaded successfully.Exited the get_data function of DataGetter class
INFO:data_loader:Inside the DataGetter class constructor
INFO:data_loader:Inside the get_data function of DataGetter class
INFO:data_loader:The data is loaded successfully.Exited the get_data function of DataGetter class
INFO:data_loader:Inside the DataGetter class constructor
INFO:data_loader:Inside the get_data function of DataGetter class
INFO:data_loader:The data is loaded successfully.Exited the get_data function of DataGetter class
INFO:data_loader:Inside the DataGetter class constructor
INFO:data_loader:Inside the get_data function of DataGetter class
INFO:data_loader:The data is loaded successfully.Exited the get_data function of DataGetter class
INFO:data_loader:Inside the DataGetter class constructor
INFO:data_loader:Inside the get_data function of DataGetter class
INFO:data_loader:The data is loaded successfully.Exited the get_data function of DataGetter class
INFO:data_loader:Inside the DataGetter class constructor
INFO:data_loader:Inside the get_data function of DataGetter class
INFO:data_loader:The data is loaded successfully.Exited the get_data function of DataGetter class
INFO:data_loader:Inside the DataGetter class constructor
INFO:data_loader:Inside the get_data function of DataGetter class
INFO:data_loader:The data is loaded successfully.Exited the get_data function of DataGetter class
INFO:data_loader:Inside the DataGetter class constructor
INFO:data_loader:Inside the get_data function of DataGetter class
INFO:data_loader:The data is loaded successfully.Exited the get_data function of DataGetter class
INFO:data_loader:Inside the DataGetter class constructor
INFO:data_loader:Inside the get_data function of DataGetter class
INFO:data_loader:The data is loaded successfully.Exited the get_data function of DataGetter class
INFO:data_loader:Inside the DataGetter class constructor
INFO:data_loader:Inside the get_data function of DataGetter class
INFO:data_loader:The data is loaded successfully.Exited the get_data function of DataGetter class
INFO:data_loader:Inside the DataGetter class constructor
INFO:data_loader:Inside the get_data function of DataGetter class
INFO:data_loader:The data is loaded successfully.Exited the get_data function of DataGetter class
INFO:data_loader:Inside the DataGetter class constructor
INFO:data_loader:Inside the get_data function of DataGetter class
INFO:data_loader:The data is loaded successfully.Exited the get_data function of DataGetter class
INFO:data_loader:Inside the DataGetter class constructor
INFO:data_loader:Inside the get_data function of DataGetter class
INFO:data_loader:The data is loaded successfully.Exited the get_data function of DataGetter class
