INFO:__main__:Entered the constructor of Train_Model Class
INFO:__main__:Entered the Main Training function
INFO:__main__:Successfully loaded the data from data_loader.py
INFO:__main__:Entered the constructor of Train_Model Class
INFO:__main__:Entered the Main Training function
INFO:__main__:Successfully loaded the data from data_loader.py
INFO:__main__:Successfully created 3clusters
INFO:__main__:Successfully saved Clustering model
INFO:__main__:Entered the constructor of Train_Model Class
INFO:__main__:Entered the Main Training function
INFO:__main__:Successfully loaded the data from data_loader.py
INFO:__main__:Successfully created 3clusters
INFO:__main__:Successfully saved Clustering model
INFO:__main__:Entered the constructor of Train_Model Class
INFO:__main__:Entered the Main Training function
INFO:__main__:Successfully loaded the data from data_loader.py
INFO:__main__:Successfully created 3clusters
INFO:__main__:Successfully saved Clustering model
INFO:__main__:Entered the constructor of Train_Model Class
INFO:__main__:Entered the Main Training function
INFO:__main__:Successfully loaded the data from data_loader.py
INFO:__main__:Successfully created 3clusters
INFO:__main__:Successfully saved Clustering model
INFO:__main__:Entered the constructor of Train_Model Class
INFO:__main__:Entered the Main Training function
INFO:__main__:Successfully loaded the data from data_loader.py
INFO:__main__:Successfully created 3clusters
INFO:__main__:Successfully saved Clustering model
INFO:__main__:created best models
INFO:__main__:Entered the constructor of Train_Model Class
INFO:__main__:Entered the Main Training function
INFO:__main__:Successfully loaded the data from data_loader.py
INFO:__main__:Successfully created 3clusters
INFO:__main__:Successfully saved Clustering model
INFO:__main__:created best models
INFO:__main__:Entered the constructor of Train_Model Class
INFO:__main__:Entered the Main Training function
INFO:__main__:Successfully loaded the data from data_loader.py
INFO:__main__:Successfully created 3clusters
INFO:__main__:Successfully saved Clustering model
INFO:__main__:Entered the constructor of Train_Model Class
INFO:__main__:Entered the Main Training function
INFO:__main__:Successfully loaded the data from data_loader.py
INFO:__main__:Successfully created 3clusters
INFO:__main__:Successfully saved Clustering model
INFO:__main__:Entered the constructor of Train_Model Class
INFO:__main__:Entered the Main Training function
INFO:__main__:Successfully loaded the data from data_loader.py
INFO:__main__:Successfully created 3clusters
INFO:__main__:Successfully saved Clustering model
INFO:__main__:Entered the constructor of Train_Model Class
INFO:__main__:Entered the Main Training function
INFO:__main__:Successfully loaded the data from data_loader.py
INFO:__main__:Successfully created 3clusters
INFO:__main__:Successfully saved Clustering model
INFO:__main__:Entered the constructor of Train_Model Class
INFO:__main__:Entered the Main Training function
INFO:__main__:Successfully loaded the data from data_loader.py
INFO:__main__:Successfully created 3clusters
INFO:__main__:Successfully saved Clustering model
INFO:__main__:Entered the constructor of Train_Model Class
INFO:__main__:Entered the Main Training function
INFO:__main__:Successfully loaded the data from data_loader.py
INFO:__main__:Successfully created 3clusters
INFO:__main__:Successfully saved Clustering model
INFO:__main__:Entered the constructor of Train_Model Class
INFO:__main__:Entered the Main Training function
INFO:__main__:Successfully loaded the data from data_loader.py
INFO:__main__:Successfully created 3clusters
INFO:__main__:Successfully saved Clustering model
INFO:__main__:Entered the constructor of Train_Model Class
INFO:__main__:Entered the Main Training function
INFO:__main__:Successfully loaded the data from data_loader.py
INFO:__main__:Successfully created 3clusters
INFO:__main__:Successfully saved Clustering model
INFO:__main__:Entered the constructor of Train_Model Class
INFO:__main__:Entered the Main Training function
INFO:__main__:Successfully loaded the data from data_loader.py
INFO:__main__:Successfully created 3clusters
INFO:__main__:Successfully saved Clustering model
INFO:__main__:Entered the constructor of Train_Model Class
INFO:__main__:Entered the Main Training function
INFO:__main__:Successfully loaded the data from data_loader.py
INFO:__main__:Successfully created 3clusters
INFO:__main__:Successfully saved Clustering model
INFO:__main__:Entered the constructor of Train_Model Class
INFO:__main__:Entered the Main Training function
INFO:__main__:Successfully loaded the data from data_loader.py
INFO:__main__:Successfully created 3clusters
INFO:__main__:Successfully saved Clustering model
INFO:__main__:Entered the constructor of Train_Model Class
INFO:__main__:Entered the Main Training function
INFO:__main__:Successfully loaded the data from data_loader.py
INFO:__main__:Successfully created 3clusters
INFO:__main__:Successfully saved Clustering model
INFO:__main__:Entered the constructor of Train_Model Class
INFO:__main__:Entered the Main Training function
INFO:__main__:Successfully loaded the data from data_loader.py
INFO:__main__:Successfully created 3clusters
INFO:__main__:Successfully saved Clustering model
INFO:__main__:Entered the constructor of Train_Model Class
INFO:__main__:Entered the Main Training function
INFO:__main__:Successfully loaded the data from data_loader.py
INFO:__main__:Successfully created 3clusters
INFO:__main__:Successfully saved Clustering model
INFO:__main__:Entered the constructor of Train_Model Class
INFO:__main__:Entered the Main Training function
INFO:__main__:Successfully loaded the data from data_loader.py
INFO:__main__:Successfully created 3clusters
INFO:__main__:Successfully saved Clustering model
INFO:__main__:Entered the constructor of Train_Model Class
INFO:__main__:Entered the Main Training function
INFO:__main__:Successfully loaded the data from data_loader.py
INFO:__main__:Successfully created 3clusters
INFO:__main__:Successfully saved Clustering model
INFO:__main__:Entered the constructor of Train_Model Class
INFO:__main__:Entered the Main Training function
INFO:__main__:Successfully loaded the data from data_loader.py
INFO:__main__:Successfully created 3clusters
INFO:__main__:Successfully saved Clustering model
INFO:__main__:Entered the constructor of Train_Model Class
INFO:__main__:Entered the Main Training function
INFO:__main__:Successfully loaded the data from data_loader.py
INFO:__main__:Successfully created 3clusters
INFO:__main__:Successfully saved Clustering model
INFO:__main__:Entered the constructor of Train_Model Class
INFO:__main__:Entered the Main Training function
INFO:__main__:Successfully loaded the data from data_loader.py
INFO:__main__:Successfully created 3clusters
INFO:__main__:Successfully saved Clustering model
INFO:__main__:Entered the constructor of Train_Model Class
INFO:__main__:Entered the Main Training function
INFO:__main__:Successfully loaded the data from data_loader.py
INFO:__main__:Successfully created 3clusters
INFO:__main__:Successfully saved Clustering model
INFO:__main__:Entered the constructor of Train_Model Class
INFO:__main__:Entered the Main Training function
INFO:__main__:Successfully loaded the data from data_loader.py
INFO:__main__:Successfully created 3clusters
INFO:__main__:Successfully saved Clustering model
INFO:__main__:Entered the constructor of Train_Model Class
INFO:__main__:Entered the Main Training function
INFO:__main__:Successfully loaded the data from data_loader.py
INFO:__main__:Successfully created 3clusters
INFO:__main__:Successfully saved Clustering model
INFO:__main__:Entered the constructor of Train_Model Class
INFO:__main__:Entered the Main Training function
INFO:__main__:Successfully loaded the data from data_loader.py
INFO:__main__:Successfully created 3clusters
INFO:__main__:Successfully saved Clustering model
INFO:__main__:Entered the constructor of Train_Model Class
INFO:__main__:Entered the Main Training function
INFO:__main__:Successfully loaded the data from data_loader.py
INFO:__main__:Successfully created 3clusters
INFO:__main__:Successfully saved Clustering model
INFO:__main__:Entered the constructor of Train_Model Class
INFO:__main__:Entered the Main Training function
INFO:__main__:Successfully loaded the data from data_loader.py
INFO:__main__:Successfully created 3clusters
INFO:__main__:Successfully saved Clustering model
INFO:__main__:Entered the constructor of Train_Model Class
INFO:__main__:Entered the Main Training function
INFO:__main__:Successfully loaded the data from data_loader.py
INFO:__main__:Successfully created 3clusters
INFO:__main__:Successfully saved Clustering model
INFO:__main__:Entered the constructor of Train_Model Class
INFO:__main__:Entered the Main Training function
INFO:__main__:Successfully loaded the data from data_loader.py
INFO:__main__:Successfully created 3clusters
INFO:__main__:Successfully saved Clustering model
INFO:__main__:Entered the constructor of Train_Model Class
INFO:__main__:Entered the Main Training function
INFO:__main__:Successfully loaded the data from data_loader.py
INFO:__main__:Successfully created 3clusters
INFO:__main__:Successfully saved Clustering model
INFO:__main__:Entered the constructor of Train_Model Class
INFO:__main__:Entered the Main Training function
INFO:__main__:Successfully loaded the data from data_loader.py
INFO:__main__:Successfully created 3clusters
INFO:__main__:Successfully saved Clustering model
INFO:__main__:created best models
INFO:__main__:Entered the constructor of Train_Model Class
INFO:__main__:Entered the Main Training function
INFO:__main__:Successfully loaded the data from data_loader.py
INFO:__main__:Successfully created 3clusters
INFO:__main__:Successfully saved Clustering model
INFO:__main__:created best models
INFO:__main__:Entered the constructor of Train_Model Class
INFO:__main__:Entered the Main Training function
INFO:__main__:Successfully loaded the data from data_loader.py
INFO:__main__:Successfully created 3clusters
INFO:__main__:Successfully saved Clustering model
INFO:__main__:created best models
INFO:__main__:Entered the constructor of Train_Model Class
INFO:__main__:Entered the Main Training function
INFO:__main__:Successfully loaded the data from data_loader.py
INFO:__main__:Successfully created 3clusters
INFO:__main__:Successfully saved Clustering model
INFO:__main__:created best models
INFO:__main__:Entered the constructor of Train_Model Class
INFO:__main__:Entered the Main Training function
INFO:__main__:Successfully loaded the data from data_loader.py
INFO:__main__:Successfully created 3clusters
INFO:__main__:Successfully saved Clustering model
INFO:__main__:created best models
INFO:__main__:Entered the constructor of Train_Model Class
INFO:__main__:Entered the Main Training function
INFO:__main__:Successfully loaded the data from data_loader.py
INFO:__main__:Entered the constructor of Train_Model Class
INFO:__main__:Entered the Main Training function
INFO:__main__:Successfully loaded the data from data_loader.py
INFO:__main__:Successfully created 3clusters
INFO:__main__:Successfully saved Clustering model
INFO:__main__:created best models
INFO:__main__:Entered the constructor of Train_Model Class
INFO:__main__:Entered the Main Training function
INFO:__main__:Successfully loaded the data from data_loader.py
INFO:__main__:Successfully created 3clusters
INFO:__main__:Successfully saved Clustering model
INFO:__main__:created best models
